<?xml version="1.0" encoding="UTF-8"?>
<!-- Generated by org.testng.reporters.JUnitReportReporter -->
<testsuite hostname="ITPC77" name="no.satyam.spring.northwind.repository.ApplicationUserRepositoryTest" tests="2" failures="0" timestamp="18 Nov 2015 15:40:20 GMT" time="0.143" errors="0">
  <testcase name="testFindByUserName" time="0.128" classname="no.satyam.spring.northwind.repository.ApplicationUserRepositoryTest"/>
  <testcase name="testSaveApplicationUser" time="0.015" classname="no.satyam.spring.northwind.repository.ApplicationUserRepositoryTest"/>
</testsuite>
