<?xml version="1.0" encoding="UTF-8"?>
<!-- Generated by org.testng.reporters.JUnitReportReporter -->
<testsuite hostname="ITPC77" name="no.satyam.spring.northwind.vomapper.SalesOrderVoMapperTest" tests="2" failures="0" timestamp="30 Mar 2015 16:15:52 GMT" time="0.043" errors="0">
  <testcase name="testMapToDomain" time="0.004" classname="no.satyam.spring.northwind.vomapper.SalesOrderVoMapperTest"/>
  <testcase name="testMapFromDomain" time="0.039" classname="no.satyam.spring.northwind.vomapper.SalesOrderVoMapperTest"/>
</testsuite>
