<?xml version="1.0" encoding="UTF-8"?>
<!-- Generated by org.testng.reporters.JUnitReportReporter -->
<testsuite hostname="ITPC77" name="no.satyam.spring.northwind.repository.SalesOrderDetailsRepositoryTest" tests="1" failures="0" timestamp="18 Nov 2015 15:39:34 GMT" time="0.061" errors="0">
  <testcase name="testSaveSalesOrderDetails" time="0.061" classname="no.satyam.spring.northwind.repository.SalesOrderDetailsRepositoryTest"/>
</testsuite>
