<?xml version="1.0" encoding="UTF-8"?>
<!-- Generated by org.testng.reporters.JUnitReportReporter -->
<testsuite hostname="ITPC77" name="no.satyam.spring.northwind.repository.CustomerRepositoryTest" tests="5" failures="0" timestamp="18 Nov 2015 15:37:55 GMT" time="0.209" errors="0">
  <testcase name="testSaveCustomer" time="0.016" classname="no.satyam.spring.northwind.repository.CustomerRepositoryTest"/>
  <testcase name="testFindByCountry" time="0.008" classname="no.satyam.spring.northwind.repository.CustomerRepositoryTest"/>
  <testcase name="testFindByContactName" time="0.007" classname="no.satyam.spring.northwind.repository.CustomerRepositoryTest"/>
  <testcase name="testFindByCompanyName" time="0.170" classname="no.satyam.spring.northwind.repository.CustomerRepositoryTest"/>
  <testcase name="testFindByContactTitle" time="0.008" classname="no.satyam.spring.northwind.repository.CustomerRepositoryTest"/>
</testsuite>
