<?xml version="1.0" encoding="UTF-8"?>
<!-- Generated by org.testng.reporters.JUnitReportReporter -->
<testsuite hostname="ITPC77" name="no.satyam.spring.northwind.vomapper.ShipperVoMapperTest" tests="2" failures="0" timestamp="30 Mar 2015 16:16:28 GMT" time="0.037" errors="0">
  <testcase name="testMapToDomain" time="0.002" classname="no.satyam.spring.northwind.vomapper.ShipperVoMapperTest"/>
  <testcase name="testMapFromDomain" time="0.035" classname="no.satyam.spring.northwind.vomapper.ShipperVoMapperTest"/>
</testsuite>
