<?xml version="1.0" encoding="UTF-8"?>
<!-- Generated by org.testng.reporters.JUnitReportReporter -->
<testsuite hostname="ITPC77" name="no.satyam.spring.northwind.vomapper.EmployeeVoMapperTest" tests="2" failures="0" timestamp="30 Mar 2015 15:46:09 GMT" time="0.037" errors="0">
  <testcase name="testMapToDomain" time="0.003" classname="no.satyam.spring.northwind.vomapper.EmployeeVoMapperTest"/>
  <testcase name="testMapFromDomain" time="0.034" classname="no.satyam.spring.northwind.vomapper.EmployeeVoMapperTest"/>
</testsuite>
