<?xml version="1.0" encoding="UTF-8"?>
<!-- Generated by org.testng.reporters.JUnitReportReporter -->
<testsuite hostname="ITPC77" name="no.satyam.spring.northwind.vomapper.SupplierVoMapperTest" tests="2" failures="0" timestamp="30 Mar 2015 16:25:39 GMT" time="0.032" errors="0">
  <testcase name="testMapToDomain" time="0.001" classname="no.satyam.spring.northwind.vomapper.SupplierVoMapperTest"/>
  <testcase name="testMapFromDomain" time="0.031" classname="no.satyam.spring.northwind.vomapper.SupplierVoMapperTest"/>
</testsuite>
