<?xml version="1.0" encoding="UTF-8"?>
<!-- Generated by org.testng.reporters.JUnitReportReporter -->
<testsuite hostname="ITPC77" name="no.satyam.spring.northwind.repository.SalesOrderRepositoryTest" tests="5" failures="0" timestamp="18 Nov 2015 15:38:45 GMT" time="0.207" errors="0">
  <testcase name="testFindSalesOrderByCustomer" time="0.031" classname="no.satyam.spring.northwind.repository.SalesOrderRepositoryTest"/>
  <testcase name="testFindSalesOrderByShipper" time="0.012" classname="no.satyam.spring.northwind.repository.SalesOrderRepositoryTest"/>
  <testcase name="testFindSalesOrderByEmployee" time="0.014" classname="no.satyam.spring.northwind.repository.SalesOrderRepositoryTest"/>
  <testcase name="testSaveOrder" time="0.015" classname="no.satyam.spring.northwind.repository.SalesOrderRepositoryTest"/>
  <testcase name="testFindByOrderDateBetween" time="0.135" classname="no.satyam.spring.northwind.repository.SalesOrderRepositoryTest"/>
</testsuite>
